#
# A fatal error has been detected by the Java Runtime Environment:
#
#  EXCEPTION_ACCESS_VIOLATION (0xc0000005) at pc=0x00007ffd97a2d1e6, pid=5720, tid=4700
#
# JRE version: Java(TM) SE Runtime Environment (8.0_60-b27) (build 1.8.0_60-b27)
# Java VM: Java HotSpot(TM) 64-Bit Server VM (25.60-b23 mixed mode windows-amd64 compressed oops)
# Problematic frame:
# C  [ntdll.dll+0x1d1e6]
#
# Failed to write core dump. Minidumps are not enabled by default on client versions of Windows
#
# If you would like to submit a bug report, please visit:
#   http://bugreport.java.com/bugreport/crash.jsp
# The crash happened outside the Java Virtual Machine in native code.
# See problematic frame for where to report the bug.
#

---------------  T H R E A D  ---------------

Current thread (0x000000001dd21800):  JavaThread "AWT-EventQueue-0" [_thread_in_native, id=4700, stack(0x0000000024560000,0x0000000024660000)]

siginfo: ExceptionCode=0xc0000005, reading address 0x0000000000000081

Registers:
RAX=0x0000000000000000, RBX=0x000000002465c900, RCX=0x000000002465c8a0, RDX=0x0000000000000081
RSP=0x000000002465c878, RBP=0x0000000000000000, RSI=0x00000000000000dc, RDI=0x000000002465ca70
R8 =0x0000000000000000, R9 =0x0000000000000004, R10=0x0000000000000000, R11=0x000000002465c900
R12=0x00000000ffffffff, R13=0x0000000000000000, R14=0x0000000000000000, R15=0x0000000000000004
RIP=0x00007ffd97a2d1e6, EFLAGS=0x0000000000010256

Top of Stack: (sp=0x000000002465c878)
0x000000002465c878:   00007ffd97871d35 00000000c0000000
0x000000002465c888:   00000000531db1f2 0000000097001384
0x000000002465c898:   000000000000000b 0000000000000000
0x000000002465c8a8:   0000000000000081 0000000000040008
0x000000002465c8b8:   0000000000000001 00000000254c2f90
0x000000002465c8c8:   0000000000000000 000000002465ca70
0x000000002465c8d8:   00007ffd7d116dbe 0000000000000001
0x000000002465c8e8:   00000000000000dc 000000002465ca74
0x000000002465c8f8:   0000000002900450 0000000000000000
0x000000002465c908:   0000000000000000 0000000000000000
0x000000002465c918:   0000000000000000 0000000000000000
0x000000002465c928:   0000000000000000 0000000000000000
0x000000002465c938:   0000000000000000 000000dc00000000
0x000000002465c948:   0000000000000000 0000000000000000
0x000000002465c958:   0000000000000000 0000000000000000
0x000000002465c968:   0000000000000000 0000000000000000 

Instructions: (pc=0x00007ffd97a2d1e6)
0x00007ffd97a2d1c6:   cc cc cc cc cc cc cc cc cc cc 45 33 c0 48 89 51
0x00007ffd97a2d1d6:   08 44 89 01 48 85 d2 74 2b 48 83 c8 ff 48 ff c0
0x00007ffd97a2d1e6:   66 44 39 04 42 75 f6 48 03 c0 ba fc ff 00 00 48
0x00007ffd97a2d1f6:   3d fe ff 00 00 48 0f 43 c2 66 89 01 66 83 c0 02 


Register to memory mapping:

RAX=0x0000000000000000 is an unknown value
RBX=0x000000002465c900 is pointing into the stack for thread: 0x000000001dd21800
RCX=0x000000002465c8a0 is pointing into the stack for thread: 0x000000001dd21800
RDX=0x0000000000000081 is an unknown value
RSP=0x000000002465c878 is pointing into the stack for thread: 0x000000001dd21800
RBP=0x0000000000000000 is an unknown value
RSI=0x00000000000000dc is an unknown value
RDI=0x000000002465ca70 is pointing into the stack for thread: 0x000000001dd21800
R8 =0x0000000000000000 is an unknown value
R9 =0x0000000000000004 is an unknown value
R10=0x0000000000000000 is an unknown value
R11=0x000000002465c900 is pointing into the stack for thread: 0x000000001dd21800
R12=0x00000000ffffffff is an unknown value
R13=0x0000000000000000 is an unknown value
R14=0x0000000000000000 is an unknown value
R15=0x0000000000000004 is an unknown value


Stack: [0x0000000024560000,0x0000000024660000],  sp=0x000000002465c878,  free space=1010k
Native frames: (J=compiled Java code, j=interpreted, Vv=VM code, C=native code)

Java frames: (J=compiled Java code, j=interpreted, Vv=VM code)
j  org.lwjgl.system.JNI.invokePPPP(JIIJJJ)J+0
j  org.lwjgl.glfw.GLFW.nglfwCreateWindow(IIJJJ)J+14
j  org.lwjgl.glfw.GLFW.glfwCreateWindow(IILjava/lang/CharSequence;JJ)J+33
j  com.blackpensoftware.core.LWJGE_Window.init()V+65
j  com.blackpensoftware.core.LWJGE_Window.run(Lcom/blackpensoftware/logs/LogHandler;Lcom/blackpensoftware/configuration/core/ConfigurationHandler;Lcom/blackpensoftware/configuration/core/Settings;)V+57
j  com.blackpensoftware.actionListeners.StartListener.actionPerformed(Ljava/awt/event/ActionEvent;)V+30
j  javax.swing.AbstractButton.fireActionPerformed(Ljava/awt/event/ActionEvent;)V+83
j  javax.swing.AbstractButton$Handler.actionPerformed(Ljava/awt/event/ActionEvent;)V+5
j  javax.swing.DefaultButtonModel.fireActionPerformed(Ljava/awt/event/ActionEvent;)V+34
j  javax.swing.DefaultButtonModel.setPressed(Z)V+117
j  javax.swing.plaf.basic.BasicButtonListener.mouseReleased(Ljava/awt/event/MouseEvent;)V+35
j  java.awt.Component.processMouseEvent(Ljava/awt/event/MouseEvent;)V+64
j  javax.swing.JComponent.processMouseEvent(Ljava/awt/event/MouseEvent;)V+23
j  java.awt.Component.processEvent(Ljava/awt/AWTEvent;)V+81
j  java.awt.Container.processEvent(Ljava/awt/AWTEvent;)V+18
j  java.awt.Component.dispatchEventImpl(Ljava/awt/AWTEvent;)V+589
j  java.awt.Container.dispatchEventImpl(Ljava/awt/AWTEvent;)V+42
j  java.awt.Component.dispatchEvent(Ljava/awt/AWTEvent;)V+2
j  java.awt.LightweightDispatcher.retargetMouseEvent(Ljava/awt/Component;ILjava/awt/event/MouseEvent;)V+327
j  java.awt.LightweightDispatcher.processMouseEvent(Ljava/awt/event/MouseEvent;)Z+155
j  java.awt.LightweightDispatcher.dispatchEvent(Ljava/awt/AWTEvent;)Z+50
j  java.awt.Container.dispatchEventImpl(Ljava/awt/AWTEvent;)V+12
j  java.awt.Window.dispatchEventImpl(Ljava/awt/AWTEvent;)V+19
j  java.awt.Component.dispatchEvent(Ljava/awt/AWTEvent;)V+2
j  java.awt.EventQueue.dispatchEventImpl(Ljava/awt/AWTEvent;Ljava/lang/Object;)V+41
j  java.awt.EventQueue.access$500(Ljava/awt/EventQueue;Ljava/awt/AWTEvent;Ljava/lang/Object;)V+3
j  java.awt.EventQueue$3.run()Ljava/lang/Void;+32
j  java.awt.EventQueue$3.run()Ljava/lang/Object;+1
v  ~StubRoutines::call_stub
j  java.security.AccessController.doPrivileged(Ljava/security/PrivilegedAction;Ljava/security/AccessControlContext;)Ljava/lang/Object;+0
j  java.security.ProtectionDomain$JavaSecurityAccessImpl.doIntersectionPrivilege(Ljava/security/PrivilegedAction;Ljava/security/AccessControlContext;Ljava/security/AccessControlContext;)Ljava/lang/Object;+18
j  java.security.ProtectionDomain$JavaSecurityAccessImpl.doIntersectionPrivilege(Ljava/security/PrivilegedAction;Ljava/security/AccessControlContext;)Ljava/lang/Object;+6
j  java.awt.EventQueue$4.run()Ljava/lang/Void;+11
j  java.awt.EventQueue$4.run()Ljava/lang/Object;+1
v  ~StubRoutines::call_stub
j  java.security.AccessController.doPrivileged(Ljava/security/PrivilegedAction;Ljava/security/AccessControlContext;)Ljava/lang/Object;+0
j  java.security.ProtectionDomain$JavaSecurityAccessImpl.doIntersectionPrivilege(Ljava/security/PrivilegedAction;Ljava/security/AccessControlContext;Ljava/security/AccessControlContext;)Ljava/lang/Object;+18
j  java.awt.EventQueue.dispatchEvent(Ljava/awt/AWTEvent;)V+73
j  java.awt.EventDispatchThread.pumpOneEventForFilters(I)V+245
j  java.awt.EventDispatchThread.pumpEventsForFilter(ILjava/awt/Conditional;Ljava/awt/EventFilter;)V+35
j  java.awt.EventDispatchThread.pumpEventsForHierarchy(ILjava/awt/Conditional;Ljava/awt/Component;)V+11
j  java.awt.EventDispatchThread.pumpEvents(ILjava/awt/Conditional;)V+4
j  java.awt.EventDispatchThread.pumpEvents(Ljava/awt/Conditional;)V+3
j  java.awt.EventDispatchThread.run()V+9
v  ~StubRoutines::call_stub

---------------  P R O C E S S  ---------------

Java Threads: ( => current thread )
  0x0000000002903800 JavaThread "DestroyJavaVM" [_thread_blocked, id=5492, stack(0x00000000010a0000,0x00000000011a0000)]
  0x000000001e0d6800 JavaThread "D3D Screen Updater" daemon [_thread_blocked, id=2876, stack(0x0000000024660000,0x0000000024760000)]
=>0x000000001dd21800 JavaThread "AWT-EventQueue-0" [_thread_in_native, id=4700, stack(0x0000000024560000,0x0000000024660000)]
  0x000000001dd12800 JavaThread "AWT-Windows" daemon [_thread_in_native, id=5368, stack(0x000000001eb20000,0x000000001ec20000)]
  0x000000001dd11000 JavaThread "AWT-Shutdown" [_thread_blocked, id=6724, stack(0x000000001ea20000,0x000000001eb20000)]
  0x000000001dd2d000 JavaThread "Java2D Disposer" daemon [_thread_blocked, id=5176, stack(0x000000001e920000,0x000000001ea20000)]
  0x000000001d9a8800 JavaThread "Service Thread" daemon [_thread_blocked, id=3616, stack(0x000000001dd70000,0x000000001de70000)]
  0x000000001c034800 JavaThread "C1 CompilerThread2" daemon [_thread_blocked, id=1384, stack(0x000000001d870000,0x000000001d970000)]
  0x000000001c024800 JavaThread "C2 CompilerThread1" daemon [_thread_blocked, id=8136, stack(0x000000001d770000,0x000000001d870000)]
  0x000000001c022000 JavaThread "C2 CompilerThread0" daemon [_thread_blocked, id=8688, stack(0x000000001d670000,0x000000001d770000)]
  0x000000001c021000 JavaThread "Attach Listener" daemon [_thread_blocked, id=8156, stack(0x000000001d570000,0x000000001d670000)]
  0x000000001c01f800 JavaThread "Signal Dispatcher" daemon [_thread_blocked, id=1936, stack(0x000000001d470000,0x000000001d570000)]
  0x00000000029fa800 JavaThread "Finalizer" daemon [_thread_blocked, id=8764, stack(0x000000001d290000,0x000000001d390000)]
  0x000000001bfe9800 JavaThread "Reference Handler" daemon [_thread_blocked, id=8772, stack(0x000000001d190000,0x000000001d290000)]

Other Threads:
  0x000000001bfe7000 VMThread [stack: 0x000000001d090000,0x000000001d190000] [id=9124]
  0x000000001d9d8000 WatcherThread [stack: 0x000000001de70000,0x000000001df70000] [id=5356]

VM state:not at safepoint (normal execution)

VM Mutex/Monitor currently owned by a thread: None

Heap:
 PSYoungGen      total 76288K, used 14438K [0x000000076b400000, 0x0000000770900000, 0x00000007c0000000)
  eden space 65536K, 22% used [0x000000076b400000,0x000000076c219bb8,0x000000076f400000)
  from space 10752K, 0% used [0x000000076fe80000,0x000000076fe80000,0x0000000770900000)
  to   space 10752K, 0% used [0x000000076f400000,0x000000076f400000,0x000000076fe80000)
 ParOldGen       total 175104K, used 0K [0x00000006c1c00000, 0x00000006cc700000, 0x000000076b400000)
  object space 175104K, 0% used [0x00000006c1c00000,0x00000006c1c00000,0x00000006cc700000)
 Metaspace       used 10582K, capacity 10784K, committed 10880K, reserved 1058816K
  class space    used 1284K, capacity 1352K, committed 1408K, reserved 1048576K

Card table byte_map: [0x0000000011dc0000,0x00000000125c0000] byte_map_base: 0x000000000e7b2000

Marking Bits: (ParMarkBitMap*) 0x00000000537ca5b0
 Begin Bits: [0x0000000012f10000, 0x0000000016ea0000)
 End Bits:   [0x0000000016ea0000, 0x000000001ae30000)

Polling page: 0x0000000000f10000

CodeCache: size=245760Kb used=2359Kb max_used=2359Kb free=243400Kb
 bounds [0x0000000002a00000, 0x0000000002c70000, 0x0000000011a00000]
 total_blobs=1371 nmethods=549 adapters=735
 compilation: enabled

Compilation events (10 events):
Event: 1.172 Thread 0x000000001c034800  544       3       org.lwjgl.system.MemoryAccess$MemoryAccessorUnsafe::memPutByte (9 bytes)
Event: 1.172 Thread 0x000000001c034800 nmethod 544 0x0000000002c21c10 code [0x0000000002c21d60, 0x0000000002c21eb0]
Event: 1.172 Thread 0x000000001c034800  546       3       java.nio.Bits::byteOrder (20 bytes)
Event: 1.172 Thread 0x000000001c034800 nmethod 546 0x0000000002c21910 code [0x0000000002c21a60, 0x0000000002c21bb0]
Event: 1.172 Thread 0x000000001c034800  547       1       org.lwjgl.system.MemoryAccess$MemoryAccessorUnsafe::memPutByte (9 bytes)
Event: 1.173 Thread 0x000000001c034800 nmethod 547 0x0000000002c21650 code [0x0000000002c217a0, 0x0000000002c218b0]
Event: 1.174 Thread 0x000000001c034800  548       3       java.nio.DirectLongBufferU::put (18 bytes)
Event: 1.174 Thread 0x000000001c034800 nmethod 548 0x0000000002c22ed0 code [0x0000000002c23040, 0x0000000002c232b0]
Event: 1.174 Thread 0x000000001c034800  549       3       java.nio.DirectLongBufferU::get (16 bytes)
Event: 1.174 Thread 0x000000001c034800 nmethod 549 0x0000000002c25650 code [0x0000000002c257c0, 0x0000000002c25a30]

GC Heap History (0 events):
No events

Deoptimization events (0 events):
No events

Internal exceptions (10 events):
Event: 0.026 Thread 0x0000000002903800 Exception <a 'java/lang/NoSuchMethodError': Method sun.misc.Unsafe.defineClass(Ljava/lang/String;[BII)Ljava/lang/Class; name or signature does not match> (0x000000076b410880) thrown at [C:\re\workspace\8-2-build-windows-amd64-cygwin\jdk8u60\4407\hotspot\srèw`'Dö?
Event: 0.026 Thread 0x0000000002903800 Exception <a 'java/lang/NoSuchMethodError': Method sun.misc.Unsafe.prefetchRead(Ljava/lang/Object;J)V name or signature does not match> (0x000000076b410b68) thrown at [C:\re\workspace\8-2-build-windows-amd64-cygwin\jdk8u60\4407\hotspot\src\share\vm\prims\jœê9a¶¥?
Event: 0.081 Thread 0x0000000002903800 Exception <a 'java/security/PrivilegedActionException'> (0x000000076b4d4090) thrown at [C:\re\workspace\8-2-build-windows-amd64-cygwin\jdk8u60\4407\hotspot\src\share\vm\prims\jvm.cpp, line 1386]
Event: 0.081 Thread 0x0000000002903800 Exception <a 'java/security/PrivilegedActionException'> (0x000000076b4d42a0) thrown at [C:\re\workspace\8-2-build-windows-amd64-cygwin\jdk8u60\4407\hotspot\src\share\vm\prims\jvm.cpp, line 1386]
Event: 0.081 Thread 0x0000000002903800 Exception <a 'java/security/PrivilegedActionException'> (0x000000076b4d7e48) thrown at [C:\re\workspace\8-2-build-windows-amd64-cygwin\jdk8u60\4407\hotspot\src\share\vm\prims\jvm.cpp, line 1386]
Event: 0.081 Thread 0x0000000002903800 Exception <a 'java/security/PrivilegedActionException'> (0x000000076b4d8058) thrown at [C:\re\workspace\8-2-build-windows-amd64-cygwin\jdk8u60\4407\hotspot\src\share\vm\prims\jvm.cpp, line 1386]
Event: 0.084 Thread 0x0000000002903800 Exception <a 'java/io/FileNotFoundException'> (0x000000076b4da608) thrown at [C:\re\workspace\8-2-build-windows-amd64-cygwin\jdk8u60\4407\hotspot\src\share\vm\prims\jni.cpp, line 709]
Event: 0.110 Thread 0x0000000002903800 Exception <a 'java/lang/NoSuchFieldError': method resolution failed> (0x000000076b837918) thrown at [C:\re\workspace\8-2-build-windows-amd64-cygwin\jdk8u60\4407\hotspot\src\share\vm\prims\methodHandles.cpp, line 1146]
Event: 0.111 Thread 0x0000000002903800 Exception <a 'java/lang/NoSuchFieldError': method resolution failed> (0x000000076b844ce8) thrown at [C:\re\workspace\8-2-build-windows-amd64-cygwin\jdk8u60\4407\hotspot\src\share\vm\prims\methodHandles.cpp, line 1146]
Event: 0.144 Thread 0x0000000002903800 Exception <a 'java/io/FileNotFoundException'> (0x000000076b8ea278) thrown at [C:\re\workspace\8-2-build-windows-amd64-cygwin\jdk8u60\4407\hotspot\src\share\vm\prims\jni.cpp, line 709]

Events (10 events):
Event: 1.164 loading class org/lwjgl/glfw/GLFW
Event: 1.164 loading class org/lwjgl/glfw/GLFW done
Event: 1.166 loading class org/lwjgl/glfw/GLFWImage$Buffer
Event: 1.166 loading class org/lwjgl/glfw/GLFWImage$Buffer done
Event: 1.171 loading class org/lwjgl/glfw/GLFW$Functions
Event: 1.171 loading class org/lwjgl/glfw/GLFW$Functions done
Event: 1.173 loading class org/lwjgl/system/JNI
Event: 1.173 loading class org/lwjgl/system/JNI done
Event: 1.202 loading class org/lwjgl/glfw/EventLoop$OffScreen
Event: 1.202 loading class org/lwjgl/glfw/EventLoop$OffScreen done


Dynamic libraries:
0x00007ff6b8bb0000 - 0x00007ff6b8be7000 	C:\Program Files\Java\jre1.8.0_60\bin\javaw.exe
0x00007ffd97a10000 - 0x00007ffd97bd1000 	C:\WINDOWS\SYSTEM32\ntdll.dll
0x00007ffd97010000 - 0x00007ffd970bd000 	C:\WINDOWS\system32\KERNEL32.DLL
0x00007ffd800a0000 - 0x00007ffd800d3000 	C:\Program Files (x86)\AVG\Av\avghooka.dll
0x00007ffd94220000 - 0x00007ffd94408000 	C:\WINDOWS\system32\KERNELBASE.dll
0x00007ffd94fc0000 - 0x00007ffd95067000 	C:\WINDOWS\system32\ADVAPI32.dll
0x00007ffd95140000 - 0x00007ffd951dd000 	C:\WINDOWS\system32\msvcrt.dll
0x00007ffd94e10000 - 0x00007ffd94e6b000 	C:\WINDOWS\system32\sechost.dll
0x00007ffd97510000 - 0x00007ffd9762c000 	C:\WINDOWS\system32\RPCRT4.dll
0x00007ffd97850000 - 0x00007ffd979a6000 	C:\WINDOWS\system32\USER32.dll
0x00007ffd970c0000 - 0x00007ffd97246000 	C:\WINDOWS\system32\GDI32.dll
0x00007ffd89210000 - 0x00007ffd89484000 	C:\WINDOWS\WinSxS\amd64_microsoft.windows.common-controls_6595b64144ccf1df_6.0.10586.672_none_a2d6b3cea53ff843\COMCTL32.dll
0x00007ffd96d20000 - 0x00007ffd96f9d000 	C:\WINDOWS\system32\combase.dll
0x00007ffd94120000 - 0x00007ffd9418a000 	C:\WINDOWS\system32\bcryptPrimitives.dll
0x00007ffd94f80000 - 0x00007ffd94fbb000 	C:\WINDOWS\system32\IMM32.DLL
0x0000000052d60000 - 0x0000000052e32000 	C:\Program Files\Java\jre1.8.0_60\bin\msvcr100.dll
0x0000000052fc0000 - 0x0000000053849000 	C:\Program Files\Java\jre1.8.0_60\bin\server\jvm.dll
0x00007ffd97250000 - 0x00007ffd97258000 	C:\WINDOWS\system32\PSAPI.DLL
0x00007ffd89680000 - 0x00007ffd89689000 	C:\WINDOWS\SYSTEM32\WSOCK32.dll
0x00007ffd96fa0000 - 0x00007ffd9700b000 	C:\WINDOWS\system32\WS2_32.dll
0x00007ffd914c0000 - 0x00007ffd914e3000 	C:\WINDOWS\SYSTEM32\WINMM.dll
0x00007ffd90bd0000 - 0x00007ffd90bda000 	C:\WINDOWS\SYSTEM32\VERSION.dll
0x00007ffd91460000 - 0x00007ffd9148c000 	C:\WINDOWS\SYSTEM32\WINMMBASE.dll
0x00007ffd945e0000 - 0x00007ffd94623000 	C:\WINDOWS\system32\cfgmgr32.dll
0x0000000054d20000 - 0x0000000054d2f000 	C:\Program Files\Java\jre1.8.0_60\bin\verify.dll
0x0000000054cf0000 - 0x0000000054d19000 	C:\Program Files\Java\jre1.8.0_60\bin\java.dll
0x0000000054cd0000 - 0x0000000054ce6000 	C:\Program Files\Java\jre1.8.0_60\bin\zip.dll
0x00007ffd95790000 - 0x00007ffd96cec000 	C:\WINDOWS\system32\SHELL32.dll
0x00007ffd94630000 - 0x00007ffd94c75000 	C:\WINDOWS\system32\windows.storage.dll
0x00007ffd95300000 - 0x00007ffd95352000 	C:\WINDOWS\system32\shlwapi.dll
0x00007ffd940b0000 - 0x00007ffd940bf000 	C:\WINDOWS\system32\kernel.appcore.dll
0x00007ffd94c80000 - 0x00007ffd94d35000 	C:\WINDOWS\system32\shcore.dll
0x00007ffd94060000 - 0x00007ffd940ab000 	C:\WINDOWS\system32\powrprof.dll
0x00007ffd94030000 - 0x00007ffd94044000 	C:\WINDOWS\system32\profapi.dll
0x0000000052bc0000 - 0x0000000052d58000 	C:\Program Files\Java\jre1.8.0_60\bin\awt.dll
0x00007ffd95070000 - 0x00007ffd95136000 	C:\WINDOWS\system32\OLEAUT32.dll
0x00007ffd91a60000 - 0x00007ffd91ad9000 	C:\WINDOWS\system32\apphelp.dll
0x00007ffd913d0000 - 0x00007ffd913f2000 	C:\WINDOWS\system32\DWMAPI.DLL
0x00007ffd92900000 - 0x00007ffd92996000 	C:\WINDOWS\system32\uxtheme.dll
0x00007ffd973b0000 - 0x00007ffd9750a000 	C:\WINDOWS\system32\MSCTF.dll
0x00007ffd97260000 - 0x00007ffd973a3000 	C:\WINDOWS\system32\ole32.dll
0x00007ffd72510000 - 0x00007ffd72720000 	C:\WINDOWS\system32\d3d9.dll
0x00007ffd90be0000 - 0x00007ffd90d5f000 	C:\WINDOWS\SYSTEM32\aticfx64.dll
0x00007ffd8ab30000 - 0x00007ffd8ab59000 	C:\WINDOWS\SYSTEM32\atiu9p64.dll
0x00007ffd5ffb0000 - 0x00007ffd6082f000 	C:\WINDOWS\SYSTEM32\atiumd64.dll
0x0000000055530000 - 0x0000000055fd8000 	C:\WINDOWS\SYSTEM32\atiumd6a.dll
0x0000000052b70000 - 0x0000000052bb7000 	C:\Program Files\Java\jre1.8.0_60\bin\fontmanager.dll
0x0000000053fd0000 - 0x0000000053fea000 	C:\Program Files\Java\jre1.8.0_60\bin\net.dll
0x00007ffd93900000 - 0x00007ffd9395c000 	C:\WINDOWS\system32\mswsock.dll
0x0000000053fb0000 - 0x0000000053fc1000 	C:\Program Files\Java\jre1.8.0_60\bin\nio.dll
0x0000000052b20000 - 0x0000000052b62000 	C:\Program Files\Java\jre1.8.0_60\bin\t2k.dll
0x00007ffd76a20000 - 0x00007ffd76a75000 	C:\Users\MagaBenG\AppData\Local\Temp\lwjglMagaBenG\3.1.1-build-1\lwjgl.dll
0x00007ffd80630000 - 0x00007ffd8066b000 	C:\Users\MagaBenG\AppData\Local\Temp\lwjglMagaBenG\3.1.1-build-1\jemalloc.dll
0x00007ffd93ad0000 - 0x00007ffd93adb000 	C:\WINDOWS\SYSTEM32\CRYPTBASE.DLL
0x00007ffd7d110000 - 0x00007ffd7d14c000 	C:\Users\MagaBenG\AppData\Local\Temp\lwjglMagaBenG\3.1.1-build-1\glfw.dll
0x00007ffd77e00000 - 0x00007ffd77e41000 	C:\WINDOWS\SYSTEM32\dinput8.dll
0x00007ffd8f1b0000 - 0x00007ffd8f1be000 	C:\WINDOWS\SYSTEM32\xinput1_4.dll
0x00007ffd92a50000 - 0x00007ffd92a77000 	C:\WINDOWS\SYSTEM32\DEVOBJ.dll
0x00007ffd93020000 - 0x00007ffd9302c000 	C:\WINDOWS\SYSTEM32\HID.DLL
0x00007ffd95360000 - 0x00007ffd95789000 	C:\WINDOWS\system32\SETUPAPI.DLL
0x00007ffd940c0000 - 0x00007ffd94115000 	C:\WINDOWS\system32\WINTRUST.dll
0x00007ffd94050000 - 0x00007ffd94060000 	C:\WINDOWS\system32\MSASN1.dll
0x00007ffd94410000 - 0x00007ffd945d8000 	C:\WINDOWS\system32\CRYPT32.dll
0x00007ffd93520000 - 0x00007ffd93551000 	C:\WINDOWS\SYSTEM32\ntmarta.dll
0x00007ffd8d740000 - 0x00007ffd8d8cc000 	C:\WINDOWS\SYSTEM32\dbghelp.dll

VM Arguments:
jvm_args: -Dfile.encoding=Cp1252 
java_command: com.blackpensoftware.core.FullLaunch
java_class_path (initial): C:\Users\MagaBenG\Desktop\Java Game\SETNationals\bin;C:\Users\MagaBenG\Desktop\Java Game\lwjgl-stable-3.1.1-custom\lwjgl.jar;C:\Users\MagaBenG\Desktop\Java Game\lwjgl-stable-3.1.1-custom\lwjgl-bgfx.jar;C:\Users\MagaBenG\Desktop\Java Game\lwjgl-stable-3.1.1-custom\lwjgl-bgfx-javadoc.jar;C:\Users\MagaBenG\Desktop\Java Game\lwjgl-stable-3.1.1-custom\lwjgl-bgfx-natives-windows.jar;C:\Users\MagaBenG\Desktop\Java Game\lwjgl-stable-3.1.1-custom\lwjgl-bgfx-sources.jar;C:\Users\MagaBenG\Desktop\Java Game\lwjgl-stable-3.1.1-custom\lwjgl-egl.jar;C:\Users\MagaBenG\Desktop\Java Game\lwjgl-stable-3.1.1-custom\lwjgl-egl-javadoc.jar;C:\Users\MagaBenG\Desktop\Java Game\lwjgl-stable-3.1.1-custom\lwjgl-egl-sources.jar;C:\Users\MagaBenG\Desktop\Java Game\lwjgl-stable-3.1.1-custom\lwjgl-glfw.jar;C:\Users\MagaBenG\Desktop\Java Game\lwjgl-stable-3.1.1-custom\lwjgl-glfw-javadoc.jar;C:\Users\MagaBenG\Desktop\Java Game\lwjgl-stable-3.1.1-custom\lwjgl-glfw-natives-windows.jar;C:\Users\MagaBenG\Desktop\Java Game\lwjgl-stable-3.1.1-custom\lwjgl-glfw-sources.jar;C:\Users\MagaBenG\Desktop\Java Game\lwjgl-stable-3.1.1-custom\lwjgl-javadoc.jar;C:\Users\MagaBenG\Desktop\Java Game\lwjgl-stable-3.1.1-custom\lwjgl-jawt.jar;C:\Users\MagaBenG\Desktop\Java Game\lwjgl-stable-3.1.1-custom\lwjgl-jawt-javadoc.jar;C:\Users\MagaBenG\Desktop\Java Game\lwjgl-stable-3.1.1-custom\lwjgl-jawt-sources.jar;C:\Users\MagaBenG\Desktop\Java Game\lwjgl-stable-3.1.1-custom\lwjgl-jemalloc.jar;C:\Users\MagaBenG\Desktop\Java Game\lwjgl-stable-3.1.1-custom\lwjgl-jemalloc-javadoc.jar;C:\Users\MagaBenG\Desktop\Java Game\lwjgl-stable-3.1.1-custom\lwjgl-jemalloc-natives-windows.jar;C:\Users\MagaBenG\Desktop\Java Game\lwjgl-stable-3.1.1-custom\lwjgl-jemalloc-sources.jar;C:\Users\MagaBenG\Desktop\Java Game\lwjgl-stable-3.1.1-custom\lwjgl-lmdb.jar;C:\Users\MagaBenG\Desktop\Java Game\lwjgl-stable-3.1.1-custom\lwjgl-lmdb-javadoc.jar;C:\Users\MagaBenG\Desktop\Java Game\lwjgl-stable-3.1.1-custom\lwjgl-lmdb-nati
Launcher Type: SUN_STANDARD

Environment Variables:
PATH=C:/Program Files/Java/jre1.8.0_60/bin/server;C:/Program Files/Java/jre1.8.0_60/bin;C:/Program Files/Java/jre1.8.0_60/lib/amd64;C:\Program Files (x86)\ActiveState Komodo Edit 9\;C:\Program Files (x86)\NVIDIA Corporation\PhysX\Common;C:\ProgramData\Oracle\Java\javapath;C:\Windows\system32;C:\Windows;C:\Windows\System32\Wbem;C:\Windows\System32\WindowsPowerShell\v1.0\;C:\Program Files (x86)\ATI Technologies\ATI.ACE\Core-Static;C:\Program Files (x86)\AMD\ATI.ACE\Core-Static;C:\Program Files (x86)\GtkSharp\2.12\bin;C:\Program Files\Common Files\Autodesk Shared\;C:\Program Files (x86)\Autodesk\Backburner\;C:\Program Files (x86)\Brackets\command;C:\WINDOWS\system32;C:\WINDOWS;C:\WINDOWS\System32\Wbem;C:\WINDOWS\System32\WindowsPowerShell\v1.0\;C:\Program Files (x86)\Skype\Phone\;C:\Program Files\nodejs\;C:\Program Files (x86)\QuickTime\QTSystem\;C:\Users\MagaBenG\AppData\Roaming\npm;C:\Program Files\eclipse;
USERNAME=MagaBenG
OS=Windows_NT
PROCESSOR_IDENTIFIER=Intel64 Family 6 Model 60 Stepping 3, GenuineIntel



---------------  S Y S T E M  ---------------

OS: Windows 10.0 , 64 bit Build 10586 (10.0.10586.589)

CPU:total 4 (4 cores per cpu, 1 threads per core) family 6 model 60 stepping 3, cmov, cx8, fxsr, mmx, sse, sse2, sse3, ssse3, sse4.1, sse4.2, popcnt, avx, avx2, aes, clmul, erms, lzcnt, tsc, tscinvbit, bmi1, bmi2

Memory: 4k page, physical 16661824k(10473032k free), swap 19152192k(11890700k free)

vm_info: Java HotSpot(TM) 64-Bit Server VM (25.60-b23) for windows-amd64 JRE (1.8.0_60-b27), built on Aug  4 2015 11:06:27 by "java_re" with MS VC++ 10.0 (VS2010)

time: Sun Nov 13 16:43:06 2016
elapsed time: 1 seconds (0d 0h 0m 1s)

